TN:
SF:C:\Users\Nonso Amadi\Documents\EPIC-MAIL\src/index.js
FN:12,(anonymous_1)
FNF:1
FNH:0
FNDA:0,(anonymous_1)
DA:1,1
DA:2,1
DA:3,1
DA:5,1
DA:6,1
DA:8,1
DA:9,1
DA:10,1
DA:12,1
DA:13,0
DA:18,1
DA:20,1
LF:12
LH:11
BRDA:6,0,0,1
BRDA:6,0,1,0
BRF:2
BRH:1
end_of_record
TN:
SF:C:\Users\Nonso Amadi\Documents\EPIC-MAIL\src\controllers/messages.controllers.js
FN:3,fetchAllUnreadMessage
FNF:1
FNH:1
FNDA:8,fetchAllUnreadMessage
DA:1,1
DA:3,1
DA:5,1
DA:6,1
DA:12,1
DA:13,1
DA:19,1
DA:20,1
DA:26,2
DA:27,2
DA:28,2
DA:29,1
DA:34,1
DA:41,2
DA:42,2
DA:43,1
DA:48,1
DA:49,1
DA:56,1
DA:57,1
DA:58,1
DA:59,0
DA:64,1
DA:70,1
LF:24
LH:23
BRDA:28,0,0,1
BRDA:28,0,1,1
BRDA:42,1,0,1
BRDA:42,1,1,1
BRDA:42,2,0,2
BRDA:42,2,1,1
BRDA:58,3,0,0
BRDA:58,3,1,1
BRF:8
BRH:7
end_of_record
TN:
SF:C:\Users\Nonso Amadi\Documents\EPIC-MAIL\src\controllers/user.controller.js
FN:7,signUp
FN:12,(anonymous_2)
FN:34,(anonymous_4)
FNF:3
FNH:3
FNDA:4,signUp
FNDA:1,(anonymous_2)
FNDA:1,(anonymous_4)
DA:1,1
DA:2,1
DA:3,1
DA:5,1
DA:7,1
DA:9,2
DA:10,2
DA:11,1
DA:12,1
DA:18,1
DA:25,2
DA:26,2
DA:27,2
DA:28,2
DA:29,1
DA:34,1
DA:43,1
LF:17
LH:17
BRDA:10,0,0,1
BRDA:10,0,1,1
BRDA:10,1,0,2
BRDA:10,1,1,1
BRDA:10,1,2,1
BRDA:26,2,0,2
BRDA:26,2,1,0
BRDA:26,3,0,2
BRDA:26,3,1,0
BRDA:28,4,0,1
BRDA:28,4,1,1
BRF:11
BRH:9
end_of_record
TN:
SF:C:\Users\Nonso Amadi\Documents\EPIC-MAIL\src\models/user.model.js
FN:2,User
FNF:1
FNH:1
FNDA:1,User
DA:2,1
DA:3,1
DA:4,1
DA:5,1
DA:6,1
DA:7,1
DA:11,1
LF:7
LH:7
BRF:0
BRH:0
end_of_record
TN:
SF:C:\Users\Nonso Amadi\Documents\EPIC-MAIL\src\routes/message.route.js
FNF:0
FNH:0
DA:1,1
DA:2,1
DA:4,1
DA:6,1
DA:7,1
DA:8,1
DA:9,1
DA:10,1
DA:11,1
DA:13,1
LF:10
LH:10
BRF:0
BRH:0
end_of_record
TN:
SF:C:\Users\Nonso Amadi\Documents\EPIC-MAIL\src\routes/user.route.js
FNF:0
FNH:0
DA:1,1
DA:2,1
DA:4,1
DA:5,1
DA:6,1
DA:8,1
LF:6
LH:6
BRF:0
BRH:0
end_of_record
TN:
SF:C:\Users\Nonso Amadi\Documents\EPIC-MAIL\src\services/messages.service.js
FN:5,getallUnreadMessages
FN:8,(anonymous_2)
FN:12,(anonymous_4)
FN:16,(anonymous_6)
FN:20,(anonymous_8)
FN:38,(anonymous_11)
FNF:6
FNH:6
FNDA:7,getallUnreadMessages
FNDA:6,(anonymous_2)
FNDA:6,(anonymous_4)
FNDA:6,(anonymous_6)
FNDA:7,(anonymous_8)
FNDA:3,(anonymous_11)
DA:2,1
DA:3,1
DA:5,1
DA:8,6
DA:9,1
DA:12,6
DA:13,1
DA:16,6
DA:17,1
DA:20,7
DA:21,2
DA:22,1
DA:25,1
DA:34,1
DA:35,1
DA:38,3
DA:39,1
DA:40,1
DA:41,1
DA:42,1
DA:46,1
LF:21
LH:21
BRDA:12,0,0,6
BRDA:12,0,1,4
BRDA:21,1,0,1
BRDA:21,1,1,1
BRDA:40,2,0,0
BRDA:40,2,1,1
BRF:6
BRH:5
end_of_record
TN:
SF:C:\Users\Nonso Amadi\Documents\EPIC-MAIL\src\services/user.service.js
FN:4,createUser
FN:30,(anonymous_3)
FNF:2
FNH:2
FNDA:3,createUser
FNDA:4,(anonymous_3)
DA:1,1
DA:2,1
DA:4,1
DA:6,1
DA:7,1
DA:8,1
DA:9,1
DA:10,1
DA:12,1
DA:21,1
DA:22,1
DA:28,2
DA:30,4
DA:32,2
DA:36,1
LF:15
LH:15
BRDA:30,0,0,4
BRDA:30,0,1,2
BRF:2
BRH:2
end_of_record
TN:
SF:C:\Users\Nonso Amadi\Documents\EPIC-MAIL\src\utils/Message.data.js
FNF:0
FNH:0
DA:1,1
DA:3,1
DA:59,1
LF:3
LH:3
BRF:0
BRH:0
end_of_record
TN:
SF:C:\Users\Nonso Amadi\Documents\EPIC-MAIL\src\utils/User.data.js
FNF:0
FNH:0
DA:1,1
LF:1
LH:1
BRF:0
BRH:0
end_of_record
TN:
SF:C:\Users\Nonso Amadi\Documents\EPIC-MAIL\src\utils/contact.data.js
FNF:0
FNH:0
DA:1,1
DA:32,1
LF:2
LH:2
BRF:0
BRH:0
end_of_record
